2024-10-27 13:18:19,590 - INFO - Starting argument parsing.
2024-10-27 13:18:19,590 - INFO - Argument parsing completed.
2024-10-27 13:18:19,603 - INFO - System info retrieval completed.
2024-10-27 13:18:19,603 - DEBUG - SystemInfo Instence Created.
2024-10-27 13:18:19,603 - INFO - Retrieving system information.
2024-10-27 13:18:19,667 - INFO - OS-info retrived successfully.
2024-10-27 13:18:20,672 - INFO - CPU-info retrived successfully.
2024-10-27 13:18:20,672 - INFO - MEMORY-info retrived successfully.
2024-10-27 13:18:21,376 - INFO - PROCESS-info retrived successfully.
2024-10-27 13:18:21,376 - INFO - Hard Disk-info retrived successfully.
2024-10-27 13:18:21,376 - INFO - TIME-info retrived successfully.
2024-10-27 13:18:21,392 - INFO - System information displayed as text in Terminal.
2024-10-27 13:21:46,420 - INFO - Starting argument parsing.
2024-10-27 13:21:46,420 - INFO - Argument parsing completed.
2024-10-27 13:21:46,420 - INFO - System info retrieval completed.
2024-10-27 13:21:46,420 - DEBUG - SystemInfo Instence Created.
2024-10-27 13:21:46,420 - INFO - Retrieving system information.
2024-10-27 13:21:46,499 - INFO - OS-info retrived successfully.
2024-10-27 13:21:47,500 - INFO - CPU-info retrived successfully.
2024-10-27 13:21:47,500 - INFO - MEMORY-info retrived successfully.
2024-10-27 13:21:48,263 - INFO - PROCESS-info retrived successfully.
2024-10-27 13:21:48,263 - INFO - Hard Disk-info retrived successfully.
2024-10-27 13:21:48,263 - INFO - TIME-info retrived successfully.
2024-10-27 13:21:48,264 - INFO - System information saved as JSON in info.json.
2024-10-28 08:57:19,739 - INFO - Starting argument parsing.
2024-10-28 08:57:19,739 - INFO - Argument parsing completed.
2024-10-28 08:57:19,739 - INFO - System info retrieval completed.
2024-10-28 08:57:19,739 - DEBUG - SystemInfo Instence Created.
2024-10-28 08:57:19,739 - INFO - Retrieving system information.
2024-10-28 08:57:19,825 - INFO - OS-info retrived successfully.
2024-10-28 08:57:19,825 - INFO - System information displayed as text in Terminal.
2024-10-28 08:57:29,321 - INFO - Starting argument parsing.
2024-10-28 08:57:29,321 - INFO - Argument parsing completed.
2024-10-28 08:57:29,321 - INFO - System info retrieval completed.
2024-10-28 08:57:29,321 - DEBUG - SystemInfo Instence Created.
2024-10-28 08:57:29,321 - INFO - Retrieving system information.
2024-10-28 08:57:29,372 - INFO - OS-info retrived successfully.
2024-10-28 08:57:30,382 - INFO - CPU-info retrived successfully.
2024-10-28 08:57:30,389 - INFO - MEMORY-info retrived successfully.
2024-10-28 08:57:32,463 - INFO - PROCESS-info retrived successfully.
2024-10-28 08:57:32,479 - INFO - Hard Disk-info retrived successfully.
2024-10-28 08:57:32,479 - INFO - TIME-info retrived successfully.
2024-10-28 08:57:32,479 - INFO - System information displayed as text in Terminal.
